<?xml version="1.0" encoding="UTF-8"?>
<!-- Generated by org.testng.reporters.JUnitXMLReporter -->
<testsuite ignored="0" hostname="LAPTOP-P5UPK79D" failures="1" tests="2" name="AllTests" time="15.137" errors="0" timestamp="2025-06-20T12:03:40 IST">
  <testcase classname="com.aditya.tests.LoginTest" name="validLoginTest" time="0.312">
    <failure type="java.lang.AssertionError" message="Login failed or did not redirect correctly. expected [true] but found [false]">
      <![CDATA[java.lang.AssertionError: Login failed or did not redirect correctly. expected [true] but found [false]
at com.aditya.tests.LoginTest.validLoginTest(LoginTest.java:24)
at java.base/java.util.ArrayList.forEach(ArrayList.java:1596)
... Removed 32 stack frames]]>
    </failure>
  </testcase> <!-- validLoginTest -->
  <testcase classname="com.aditya.tests.DashboardTest" name="dashboardLoadTest" time="0.011"/>
</testsuite> <!-- AllTests -->
